<?xml version="1.0" encoding="UTF-8"?>
<!-- Generated by org.testng.reporters.JUnitReportReporter -->
<testsuite hostname="Thanyaphorns-MacBook-Air.local" failures="0" tests="1" name="com.example.test.cases.C002" time="37.620" errors="0" timestamp="2022-12-30T06:50:42 HKT" skipped="0">
  <testcase classname="com.example.test.cases.C002" name="testSecondCase" time="37.620"/>
  <system-out/>
</testsuite> <!-- com.example.test.cases.C002 -->
